Arguments: 
  /Users/mattheweldredge/.nvm/versions/node/v8.11.3/bin/node /usr/local/Cellar/yarn/1.12.3/libexec/bin/yarn.js install

PATH: 
  /usr/local/bin:/usr/bin:/bin:/usr/sbin:/sbin:/Users/mattheweldredge/.nvm/versions/node/v8.11.3/bin

Yarn version: 
  1.12.3

Node version: 
  8.11.3

Platform: 
  darwin x64

Trace: 
  SyntaxError: /Users/mattheweldredge/Desktop/sandbox/wordpress/wp-content/themes/custom-theme-with-parcel/package.json: Unexpected token } in JSON at position 979
      at JSON.parse (<anonymous>)
      at /usr/local/Cellar/yarn/1.12.3/libexec/lib/cli.js:1631:59
      at Generator.next (<anonymous>)
      at step (/usr/local/Cellar/yarn/1.12.3/libexec/lib/cli.js:304:30)
      at /usr/local/Cellar/yarn/1.12.3/libexec/lib/cli.js:315:13
      at <anonymous>

npm manifest: 
  {
    "name": "custom-theme-with-parcel",
    "version": "1.0.0",
    "main": "/src/js/index.js",
    "repository": "https://github.com/tcb1978/custom-wordpress-theme-with-parcel.git",
    "author": "Matthew Eldredge credit to: Jonathan Christopher for the bundler",
    "license": "MIT",
    "scripts": {
      "watch": "concurrently \"yarn run dev\" \"yarn run build\"",
      "dev": "cross-env NODE_ENV=development node src/js/bundler-dev.js",
      "build": "cross-env NODE_ENV=production node src/js/bundler-build.js"
    },
  
    "dependencies": {
      "jquery": "^3.3.1",
      "autoprefixer": "^8.6.0",
      "babel-preset-env": "^1.7.0",
      "concurrently": "^3.5.1",
      "cross-env": "^5.1.6",
      "css-loader": "^0.28.11",
      "cssnano": "^3.10.0",
      "node-sass": "^4.9.0",
      "parcel-bundler": "^1.8.1",
      "postcss-modules": "^1.1.0",
      "scss-loader": "0.0.1"
    },
    "repository": {
      "type": "git",
      "url": "git+https://github.com/tcb1978/custom-wordpress-theme-with-parcel.git"
    },
  }

yarn manifest: 
  No manifest

Lockfile: 
  # THIS IS AN AUTOGENERATED FILE. DO NOT EDIT THIS FILE DIRECTLY.
  # yarn lockfile v1
  
  
  jquery@^3.3.1:
    version "3.3.1"
    resolved "https://registry.yarnpkg.com/jquery/-/jquery-3.3.1.tgz#958ce29e81c9790f31be7792df5d4d95fc57fbca"
    integrity sha512-Ubldcmxp5np52/ENotGxlLe6aGMvmF4R8S6tZjsP6Knsaxd/xp3Zrh50cG93lR6nPXyUFwzN3ZSOQI0wRJNdGg==
